Compilación iniciada a las 28/11/2018 21:03:02.
     1>Proyecto "C:\Users\javie\Documents\GitHub\SmartProject_GrupoV\SmartProject_GrupoV\SmartProject_GrupoV.vcxproj" en el nodo 2 (Build destinos).
     1>ClCompile:
         C:\Program Files (x86)\Microsoft Visual Studio 12.0\VC\bin\CL.exe /c /ZI /nologo /W3 /WX- /sdl /Od /Oy- /D WIN32 /D _DEBUG /D _CONSOLE /D _LIB /D _UNICODE /D UNICODE /Gm /EHsc /RTC1 /MDd /GS /fp:precise /Zc:wchar_t /Zc:forScope /Fo"Debug\\" /Fd"Debug\vc120.pdb" /Gd /TP /analyze- /errorReport:prompt CAfectados.cpp
         CAfectados.cpp
       Link:
         C:\Program Files (x86)\Microsoft Visual Studio 12.0\VC\bin\link.exe /ERRORREPORT:PROMPT /OUT:"C:\Users\javie\Documents\GitHub\SmartProject_GrupoV\Debug\SmartProject_GrupoV.exe" /INCREMENTAL /NOLOGO kernel32.lib user32.lib gdi32.lib winspool.lib comdlg32.lib advapi32.lib shell32.lib ole32.lib oleaut32.lib uuid.lib odbc32.lib odbccp32.lib /MANIFEST /MANIFESTUAC:"level='asInvoker' uiAccess='false'" /manifest:embed /DEBUG /PDB:"C:\Users\javie\Documents\GitHub\SmartProject_GrupoV\Debug\SmartProject_GrupoV.pdb" /SUBSYSTEM:CONSOLE /TLBID:1 /DYNAMICBASE /NXCOMPAT /IMPLIB:"C:\Users\javie\Documents\GitHub\SmartProject_GrupoV\Debug\SmartProject_GrupoV.lib" /MACHINE:X86 Debug\CAfectados.obj
         Debug\CCentros.obj
         Debug\CIncidenteAsociadoTipoIncidente.obj
         Debug\CIncidentes.obj
         Debug\CPersonal.obj
         Debug\CServicios.obj
         Debug\CTipoIncidente.obj
         Debug\CVehiculo.obj
         Debug\CVehiculoAcudeCentro.obj
         Debug\Main.obj
         Debug\CVehiculoAtiendeIncidente.obj
         Debug\CVehiculoAsociadoTipoIncidente.obj
         SmartProject_GrupoV.vcxproj -> C:\Users\javie\Documents\GitHub\SmartProject_GrupoV\Debug\SmartProject_GrupoV.exe
     1>Compilación del proyecto terminada "C:\Users\javie\Documents\GitHub\SmartProject_GrupoV\SmartProject_GrupoV\SmartProject_GrupoV.vcxproj" (Build destinos).

Compilación correcta.

Tiempo transcurrido 00:00:01.15
